<?xml version="1.0" encoding="UTF-8"?>
<testsuite xmlns:xsi="http://www.w3.org/2001/XMLSchema-instance" xsi:noNamespaceSchemaLocation="https://maven.apache.org/surefire/maven-surefire-plugin/xsd/surefire-test-report-3.0.xsd" version="3.0" name="dds.gestores.GestorBedelTest" time="0.015" tests="4" errors="3" skipped="0" failures="1">
  <properties>
[...]
</properties>
  <testcase name="testEliminacionLogica" classname="dds.gestores.GestorBedelTest" time="0.005">
    <error message="Cannot invoke &quot;dds.gestores.GestorBedel.eliminacionLogica(int)&quot; because &quot;instance&quot; is null" type="java.lang.NullPointerException"><![CDATA[java.lang.NullPointerException: Cannot invoke "dds.gestores.GestorBedel.eliminacionLogica(int)" because "instance" is null
	at dds.gestores.GestorBedelTest.testEliminacionLogica(GestorBedelTest.java:92)
	at java.base/java.lang.reflect.Method.invoke(Method.java:580)
	at java.base/java.util.ArrayList.forEach(ArrayList.java:1597)
	at java.base/java.util.ArrayList.forEach(ArrayList.java:1597)
]]></error>
    <system-out><![CDATA[eliminacionLogica
]]></system-out>
  </testcase>
  <testcase name="testRegistro" classname="dds.gestores.GestorBedelTest" time="0.001">
    <error message="Cannot invoke &quot;dds.gestores.GestorBedel.registro(dds.dtos.BedelDTO)&quot; because &quot;instance&quot; is null" type="java.lang.NullPointerException"><![CDATA[java.lang.NullPointerException: Cannot invoke "dds.gestores.GestorBedel.registro(dds.dtos.BedelDTO)" because "instance" is null
	at dds.gestores.GestorBedelTest.testRegistro(GestorBedelTest.java:62)
	at java.base/java.lang.reflect.Method.invoke(Method.java:580)
	at java.base/java.util.ArrayList.forEach(ArrayList.java:1597)
	at java.base/java.util.ArrayList.forEach(ArrayList.java:1597)
]]></error>
    <system-out><![CDATA[registro
]]></system-out>
  </testcase>
  <testcase name="testBuscarBedel" classname="dds.gestores.GestorBedelTest" time="0.001">
    <error message="Cannot invoke &quot;dds.gestores.GestorBedel.buscarBedel(int)&quot; because &quot;instance&quot; is null" type="java.lang.NullPointerException"><![CDATA[java.lang.NullPointerException: Cannot invoke "dds.gestores.GestorBedel.buscarBedel(int)" because "instance" is null
	at dds.gestores.GestorBedelTest.testBuscarBedel(GestorBedelTest.java:107)
	at java.base/java.lang.reflect.Method.invoke(Method.java:580)
	at java.base/java.util.ArrayList.forEach(ArrayList.java:1597)
	at java.base/java.util.ArrayList.forEach(ArrayList.java:1597)
]]></error>
    <system-out><![CDATA[buscarBedel
]]></system-out>
  </testcase>
  <testcase name="testGetInstance" classname="dds.gestores.GestorBedelTest" time="0.003">
    <failure message="expected: &lt;null&gt; but was: &lt;dds.gestores.GestorBedel@40a4337a&gt;" type="org.opentest4j.AssertionFailedError"><![CDATA[org.opentest4j.AssertionFailedError: expected: <null> but was: <dds.gestores.GestorBedel@40a4337a>
	at org.junit.jupiter.api.AssertionFailureBuilder.build(AssertionFailureBuilder.java:151)
	at org.junit.jupiter.api.AssertionFailureBuilder.buildAndThrow(AssertionFailureBuilder.java:132)
	at org.junit.jupiter.api.AssertEquals.failNotEqual(AssertEquals.java:197)
	at org.junit.jupiter.api.AssertEquals.assertEquals(AssertEquals.java:182)
	at org.junit.jupiter.api.AssertEquals.assertEquals(AssertEquals.java:177)
	at org.junit.jupiter.api.Assertions.assertEquals(Assertions.java:1145)
	at dds.gestores.GestorBedelTest.testGetInstance(GestorBedelTest.java:48)
	at java.base/java.lang.reflect.Method.invoke(Method.java:580)
	at java.base/java.util.ArrayList.forEach(ArrayList.java:1597)
	at java.base/java.util.ArrayList.forEach(ArrayList.java:1597)
]]></failure>
    <system-out><![CDATA[getInstance
]]></system-out>
  </testcase>
</testsuite>